<?xml version="1.0" encoding="UTF-8"?>
<!-- Generated by org.testng.reporters.JUnitReportReporter -->
<testsuite hostname="LAPTOP-BIM2FR3V" failures="0" tests="1" name="scenarios.SwitchingWindows" time="16.053" errors="0" timestamp="2024-07-23T21:36:39 IST" skipped="0">
  <testcase classname="scenarios.SwitchingWindows" name="switchWin" time="16.053"/>
  <system-out/>
</testsuite> <!-- scenarios.SwitchingWindows -->
