<?xml version="1.0" encoding="UTF-8"?>
<!-- Generated by org.testng.reporters.JUnitReportReporter -->
<testsuite hostname="LAPTOP-BIM2FR3V" failures="0" tests="1" name="scenarios.MouseActions" time="10.050" errors="0" timestamp="2024-07-26T21:04:19 IST" skipped="0">
  <testcase classname="scenarios.MouseActions" name="dragAndDrop" time="10.050"/>
</testsuite> <!-- scenarios.MouseActions -->
