<?xml version="1.0" encoding="UTF-8"?>
<!-- Generated by org.testng.reporters.JUnitReportReporter -->
<testsuite hostname="LAPTOP-BIM2FR3V" failures="0" tests="1" name="scenarios.HandlingWebElements" time="21.012" errors="0" timestamp="2024-07-26T21:04:19 IST" skipped="0">
  <testcase classname="scenarios.HandlingWebElements" name="readDynData" time="21.012"/>
</testsuite> <!-- scenarios.HandlingWebElements -->
